#
# An unexpected error has been detected by Java Runtime Environment:
#
#  EXCEPTION_ACCESS_VIOLATION (0xc0000005) at pc=0x6d8825a8, pid=616, tid=3224
#
# Java VM: Java HotSpot(TM) Client VM (1.7.0-ea-b12 mixed mode windows-x86)
# Problematic frame:
# V  [jvm.dll+0xb25a8]
#
# If you would like to submit a bug report, please visit:
#   http://java.sun.com/webapps/bugreport/crash.jsp
#

---------------  T H R E A D  ---------------

Current thread (0x01a22800):  VMThread [stack: 0x00500000,0x00550000] [id=3224]

siginfo: ExceptionCode=0xc0000005, reading address 0x00004800

Registers:
EAX=0x00004800, EBX=0x0a420150, ECX=0x32021878, EDX=0x00000003
ESP=0x0054fb4c, EBP=0x23bd375c, ESI=0x0a42014c, EDI=0x23bd3758
EIP=0x6d8825a8, EFLAGS=0x00010206

Top of Stack: (sp=0x0054fb4c)
0x0054fb4c:   0056b458 00000005 0a420138 061f0000
0x0054fb5c:   6d90b2d8 0a420138 0a413aa4 0a413aa0
0x0054fb6c:   6d91a42b 00000003 6d9ddee4 6d9ddee4
0x0054fb7c:   6d90af9a 0a413a78 6d90b39a 00000003
0x0054fb8c:   6d95ce11 6d9f6474 6d9ddee4 6d9ddee4
0x0054fb9c:   6d9786ed 6d9ddee4 6d9ddee4 0056b458
0x0054fbac:   0056b458 6d94220b 6d9ddee4 00000000
0x0054fbbc:   6d9ddee4 6d9ddee4 0056b458 6d8765e1 

Instructions: (pc=0x6d8825a8)
0x6d882598:   b7 4f 02 8d 1c 8e 3b f3 73 20 8b 06 85 c0 74 13
0x6d8825a8:   8b 10 83 e2 03 80 fa 03 74 09 56 e8 28 8d 08 00 


Stack: [0x00500000,0x00550000],  sp=0x0054fb4c,  free space=318k
Native frames: (J=compiled Java code, j=interpreted, Vv=VM code, C=native code)
V  [jvm.dll+0xb25a8]

VM_Operation (0x344ebdcc): full generation collection, mode: safepoint, requested by thread 0x33176c00


---------------  P R O C E S S  ---------------

Java Threads: ( => current thread )
  0x33177c00 JavaThread "http-9091-6" daemon [_thread_in_native, id=4364, stack(0x34590000,0x345e0000)]
  0x33177400 JavaThread "http-9091-5" daemon [_thread_in_native, id=4356, stack(0x34540000,0x34590000)]
  0x33177000 JavaThread "http-9091-4" daemon [_thread_blocked, id=4352, stack(0x344f0000,0x34540000)]
  0x33176c00 JavaThread "http-9091-3" daemon [_thread_blocked, id=4348, stack(0x344a0000,0x344f0000)]
  0x33176400 JavaThread "http-9091-2" daemon [_thread_in_native, id=4344, stack(0x34450000,0x344a0000)]
  0x33176000 JavaThread "http-9091-1" daemon [_thread_in_native, id=4124, stack(0x32500000,0x32550000)]
  0x33175800 JavaThread "Thread-16" daemon [_thread_blocked, id=3984, stack(0x343b0000,0x34400000)]
  0x33175400 JavaThread "http-9091-Acceptor-0" daemon [_thread_in_native, id=2996, stack(0x34360000,0x343b0000)]
  0x33174c00 JavaThread "ContainerBackgroundProcessor[StandardEngine[Tomcat]]" daemon [_thread_blocked, id=984, stack(0x34310000,0x34360000)]
  0x32d0d400 JavaThread "Store org.hibernate.cache.StandardQueryCache Spool Thread" daemon [_thread_blocked, id=1408, stack(0x342c0000,0x34310000)]
  0x32d0d000 JavaThread "Store org.hibernate.cache.UpdateTimestampsCache Spool Thread" daemon [_thread_blocked, id=3508, stack(0x34270000,0x342c0000)]
  0x3295f000 JavaThread "Store com.macrobit.grails.plugins.attachmentable.domains.Attachment Spool Thread" daemon [_thread_blocked, id=1328, stack(0x34220000,0x34270000)]
  0x32d14800 JavaThread "Store com.osrs.Role Spool Thread" daemon [_thread_blocked, id=3420, stack(0x341d0000,0x34220000)]
  0x32718400 JavaThread "Store com.macrobit.grails.plugins.attachmentable.domains.AttachmentLink Spool Thread" daemon [_thread_blocked, id=2208, stack(0x34180000,0x341d0000)]
  0x32d1cc00 JavaThread "net.sf.ehcache.CacheManager@1feb227" daemon [_thread_blocked, id=2432, stack(0x34130000,0x34180000)]
  0x32a19800 JavaThread "Timer-0" daemon [_thread_blocked, id=620, stack(0x340e0000,0x34130000)]
  0x31bcb800 JavaThread "Monitor Ctrl-Break" daemon [_thread_in_native, id=2628, stack(0x31d90000,0x31de0000)]
  0x01a4bc00 JavaThread "Low Memory Detector" daemon [_thread_blocked, id=2696, stack(0x31af0000,0x31b40000)]
  0x01a42800 JavaThread "CompilerThread0" daemon [_thread_blocked, id=3044, stack(0x31aa0000,0x31af0000)]
  0x01a41800 JavaThread "Attach Listener" daemon [_thread_blocked, id=2864, stack(0x31a50000,0x31aa0000)]
  0x01a39000 JavaThread "Signal Dispatcher" daemon [_thread_blocked, id=356, stack(0x31a00000,0x31a50000)]
  0x01a29c00 JavaThread "Finalizer" daemon [_thread_blocked, id=1788, stack(0x319b0000,0x31a00000)]
  0x01a25400 JavaThread "Reference Handler" daemon [_thread_blocked, id=3092, stack(0x31960000,0x319b0000)]
  0x019aec00 JavaThread "main" [_thread_blocked, id=3464, stack(0x003a0000,0x003f0000)]

Other Threads:
=>0x01a22800 VMThread [stack: 0x00500000,0x00550000] [id=3224]
  0x01a50000 WatcherThread [stack: 0x31b40000,0x31b90000] [id=3176]

VM state:at safepoint (normal execution)

VM Mutex/Monitor currently owned by a thread:  ([mutex/lock_event])
[0x00567030/0x000000f0] Threads_lock - owner thread: 0x01a22800
[0x019addd0/0x00000130] Heap_lock - owner thread: 0x33176c00

Heap
 def new generation   total 11520K, used 6667K [0x03a90000, 0x04700000, 0x061f0000)
  eden space 10304K,  58% used [0x03a90000, 0x0407a690, 0x044a0000)
  from space 1216K,  50% used [0x044a0000, 0x04538950, 0x045d0000)
  to   space 1216K,   0% used [0x045d0000, 0x045d0000, 0x04700000)
 tenured generation   total 152668K, used 128446K [0x061f0000, 0x0f707000, 0x23a90000)
   the space 152668K,  84% used [0x061f0000, 0x0df5f9a8, 0x0df5fa00, 0x0f707000)
 compacting perm gen  total 52224K, used 52223K [0x23a90000, 0x26d90000, 0x2fa90000)
   the space 52224K,  99% used [0x23a90000, 0x26d8ffb8, 0x26d90000, 0x26d90000)
No shared spaces configured.

Dynamic libraries:
0x00400000 - 0x00422000 	C:\Program Files\Java\jdk1.7.0\bin\java.exe
0x77570000 - 0x776ac000 	C:\Windows\SYSTEM32\ntdll.dll
0x763e0000 - 0x764b4000 	C:\Windows\system32\kernel32.dll
0x75710000 - 0x7575b000 	C:\Windows\system32\KERNELBASE.dll
0x75fd0000 - 0x76070000 	C:\Windows\system32\ADVAPI32.dll
0x75ca0000 - 0x75d4c000 	C:\Windows\system32\msvcrt.dll
0x75fb0000 - 0x75fc9000 	C:\Windows\SYSTEM32\sechost.dll
0x758e0000 - 0x75982000 	C:\Windows\system32\RPCRT4.dll
0x7c340000 - 0x7c396000 	C:\Program Files\Java\jdk1.7.0\jre\bin\msvcr71.dll
0x6d7d0000 - 0x6da1f000 	C:\Program Files\Java\jdk1.7.0\jre\bin\client\jvm.dll
0x75ee0000 - 0x75fa9000 	C:\Windows\system32\USER32.dll
0x76390000 - 0x763de000 	C:\Windows\system32\GDI32.dll
0x75af0000 - 0x75afa000 	C:\Windows\system32\LPK.dll
0x760d0000 - 0x7616d000 	C:\Windows\system32\USP10.dll
0x73cd0000 - 0x73d02000 	C:\Windows\system32\WINMM.dll
0x75da0000 - 0x75dbf000 	C:\Windows\system32\IMM32.DLL
0x75990000 - 0x75a5c000 	C:\Windows\system32\MSCTF.dll
0x75420000 - 0x7546c000 	C:\Windows\system32\apphelp.dll
0x6d2b0000 - 0x6d2b8000 	C:\Program Files\Java\jdk1.7.0\jre\bin\hpi.dll
0x776b0000 - 0x776b5000 	C:\Windows\system32\PSAPI.DLL
0x6d780000 - 0x6d78c000 	C:\Program Files\Java\jdk1.7.0\jre\bin\verify.dll
0x6d350000 - 0x6d36f000 	C:\Program Files\Java\jdk1.7.0\jre\bin\java.dll
0x6d7c0000 - 0x6d7cf000 	C:\Program Files\Java\jdk1.7.0\jre\bin\zip.dll
0x003f0000 - 0x003f7000 	C:\Program Files\JetBrains\IntelliJ IDEA 13.0\bin\breakgen.dll
0x6d540000 - 0x6d553000 	C:\Program Files\Java\jdk1.7.0\jre\bin\net.dll
0x77750000 - 0x77785000 	C:\Windows\system32\WS2_32.dll
0x77790000 - 0x77796000 	C:\Windows\system32\NSI.dll
0x74f60000 - 0x74f9c000 	C:\Windows\system32\mswsock.dll
0x74f50000 - 0x74f56000 	C:\Windows\System32\wship6.dll
0x74a80000 - 0x74a85000 	C:\Windows\System32\wshtcpip.dll
0x732b0000 - 0x732c0000 	C:\Windows\system32\NLAapi.dll
0x6feb0000 - 0x6fec0000 	C:\Windows\system32\napinsp.dll
0x6fe90000 - 0x6fea2000 	C:\Windows\system32\pnrpnsp.dll
0x74e20000 - 0x74e64000 	C:\Windows\system32\DNSAPI.dll
0x6fe80000 - 0x6fe88000 	C:\Windows\System32\winrnr.dll
0x6fe70000 - 0x6fe7d000 	C:\Windows\system32\wshbth.dll
0x72ef0000 - 0x72f0c000 	C:\Windows\system32\IPHLPAPI.DLL
0x72ee0000 - 0x72ee7000 	C:\Windows\system32\WINNSI.DLL
0x70320000 - 0x70326000 	C:\Windows\system32\rasadhlp.dll
0x727e0000 - 0x72818000 	C:\Windows\System32\fwpuclnt.dll
0x75470000 - 0x754eb000 	C:\Program Files\Movies Toolbar\Datamngr\apcrtldr.dll
0x6d530000 - 0x6d539000 	C:\Program Files\Java\jdk1.7.0\jre\bin\management.dll
0x74fa0000 - 0x74fb6000 	C:\Windows\system32\CRYPTSP.dll
0x74d40000 - 0x74d7b000 	C:\Windows\system32\rsaenh.dll
0x74b50000 - 0x74b67000 	C:\Windows\system32\USERENV.dll
0x75580000 - 0x7558b000 	C:\Windows\system32\profapi.dll
0x75570000 - 0x7557c000 	C:\Windows\system32\CRYPTBASE.dll

VM Arguments:
jvm_args: -Dgrails.home=C:\grails-1.3.7 -Dbase.dir=C:\Users\Kuldeep\OSRSNEW\OSRS -Dtools.jar=C:\Program Files\Java\jdk1.7.0\lib\tools.jar -Dgroovy.starter.conf=C:\grails-1.3.7/conf/groovy-starter.conf -Xmx512M -XX:MaxPermSize=192m -Djline.WindowsTerminal.directConsole=false -Didea.launcher.port=7532 -Didea.launcher.bin.path=C:\Program Files\JetBrains\IntelliJ IDEA 13.0\bin -Dfile.encoding=UTF-8 
java_command: com.intellij.rt.execution.application.AppMain org.codehaus.groovy.grails.cli.support.GrailsStarter --main org.codehaus.groovy.grails.cli.GrailsScriptRunner --conf C:\grails-1.3.7/conf/groovy-starter.conf run-app
Launcher Type: SUN_STANDARD

Environment Variables:
JAVA_HOME=C:\Program Files\Java\jdk1.7.0
CLASSPATH=C:\Program Files\Java\jdk1.7.0\bin;C:\grails-1.3.7\bin;
PATH=C:\Program Files\PC Connectivity Solution\;G:\app\Kuldeep\product\11.1.0\db_1\bin;C:\Windows\system32;C:\Windows;C:\Windows\System32\Wbem;C:\Windows\System32\WindowsPowerShell\v1.0\;C:\Program Files\Broadcom\Broadcom 802.11\Driver;C:\Program Files\WIDCOMM\Bluetooth Software;C:\Program Files\Java\jdk1.7.0\bin;C:\grails-1.3.7\bin;
USERNAME=Kuldeep
OS=Windows_NT
PROCESSOR_IDENTIFIER=x86 Family 6 Model 37 Stepping 2, GenuineIntel



---------------  S Y S T E M  ---------------

OS: Windows NT 6.1 Build 7601 Service Pack 1

CPU:total 4 (8 cores per cpu, 2 threads per core) family 6 model 5 stepping 2, cmov, cx8, fxsr, mmx, sse, sse2, sse3, ssse3, ht

Memory: 4k page, physical 1956700k(429900k free), swap 3913400k(1883392k free)

vm_info: Java HotSpot(TM) Client VM (1.7.0-ea-b12) for windows-x86, built on May  6 2007 03:50:50 by "java_re" with unknown MS VC++:1310

time: Wed Jan 01 11:10:39 2014
elapsed time: 2874 seconds

